13:04:59.174 INFO  HV000001: Hibernate Validator 6.2.5.Final
13:04:59.203 INFO  Starting OrderServiceApplication using Java 17.0.5 on DESKTOP-2ST2GIE with PID 23012 (C:\Users\LENOVO\Desktop\microservices2023\order-service\target\classes started by LENOVO in C:\Users\LENOVO\Desktop\microservices2023)
13:04:59.204 INFO  No active profile set, falling back to 1 default profile: "default"
13:05:01.063 INFO  Bootstrapping Spring Data JPA repositories in DEFAULT mode.
13:05:01.221 INFO  Finished Spring Data repository scanning in 143 ms. Found 1 JPA repository interfaces.
13:05:01.879 INFO  No bean named 'errorChannel' has been explicitly defined. Therefore, a default PublishSubscribeChannel will be created.
13:05:01.895 INFO  No bean named 'integrationHeaderChannelRegistry' has been explicitly defined. Therefore, a default DefaultHeaderChannelRegistry will be created.
13:05:02.114 INFO  BeanFactory id=7d88b4da-96c9-31d1-b63a-e2427bf7bb52
13:05:02.714 INFO  Bean 'org.springframework.cloud.client.loadbalancer.reactive.LoadBalancerBeanPostProcessorAutoConfiguration' of type [org.springframework.cloud.client.loadbalancer.reactive.LoadBalancerBeanPostProcessorAutoConfiguration] is not eligible for getting processed by all BeanPostProcessors (for example: not eligible for auto-proxying)
13:05:02.720 INFO  Bean 'org.springframework.cloud.client.loadbalancer.reactive.LoadBalancerBeanPostProcessorAutoConfiguration$ReactorDeferringLoadBalancerFilterConfig' of type [org.springframework.cloud.client.loadbalancer.reactive.LoadBalancerBeanPostProcessorAutoConfiguration$ReactorDeferringLoadBalancerFilterConfig] is not eligible for getting processed by all BeanPostProcessors (for example: not eligible for auto-proxying)
13:05:02.726 INFO  Bean 'reactorDeferringLoadBalancerExchangeFilterFunction' of type [org.springframework.cloud.client.loadbalancer.reactive.DeferringLoadBalancerExchangeFilterFunction] is not eligible for getting processed by all BeanPostProcessors (for example: not eligible for auto-proxying)
13:05:03.479 INFO  Tomcat initialized with port(s): 8081 (http)
13:05:03.490 INFO  Initializing ProtocolHandler ["http-nio-8081"]
13:05:03.491 INFO  Starting service [Tomcat]
13:05:03.491 INFO  Starting Servlet engine: [Apache Tomcat/9.0.71]
13:05:03.729 INFO  Initializing Spring embedded WebApplicationContext
13:05:03.729 INFO  Root WebApplicationContext: initialization completed in 4470 ms
13:05:04.134 WARN  No URLs will be polled as dynamic configuration sources.
13:05:04.134 INFO  To enable URLs as dynamic configuration sources, define System property archaius.configurationSource.additionalUrls or make config.properties available on classpath.
13:05:04.145 INFO  DynamicPropertyFactory is initialized with configuration sources: com.netflix.config.ConcurrentCompositeConfiguration@780dbed7
13:05:05.005 WARN  Exception encountered during context initialization - cancelling refresh attempt: org.springframework.context.ApplicationContextException: Unable to start web server; nested exception is org.springframework.boot.web.server.WebServerException: Unable to start embedded Tomcat
13:06:16.026 INFO  HV000001: Hibernate Validator 6.2.5.Final
13:06:16.046 INFO  Starting OrderServiceApplication using Java 17.0.5 on DESKTOP-2ST2GIE with PID 22504 (C:\Users\LENOVO\Desktop\microservices2023\order-service\target\classes started by LENOVO in C:\Users\LENOVO\Desktop\microservices2023)
13:06:16.047 INFO  No active profile set, falling back to 1 default profile: "default"
13:06:17.992 INFO  Bootstrapping Spring Data JPA repositories in DEFAULT mode.
13:06:18.129 INFO  Finished Spring Data repository scanning in 125 ms. Found 1 JPA repository interfaces.
13:06:18.870 INFO  No bean named 'errorChannel' has been explicitly defined. Therefore, a default PublishSubscribeChannel will be created.
13:06:18.885 INFO  No bean named 'integrationHeaderChannelRegistry' has been explicitly defined. Therefore, a default DefaultHeaderChannelRegistry will be created.
13:06:19.115 INFO  BeanFactory id=7d88b4da-96c9-31d1-b63a-e2427bf7bb52
13:06:19.733 INFO  Bean 'org.springframework.cloud.client.loadbalancer.reactive.LoadBalancerBeanPostProcessorAutoConfiguration' of type [org.springframework.cloud.client.loadbalancer.reactive.LoadBalancerBeanPostProcessorAutoConfiguration] is not eligible for getting processed by all BeanPostProcessors (for example: not eligible for auto-proxying)
13:06:19.738 INFO  Bean 'org.springframework.cloud.client.loadbalancer.reactive.LoadBalancerBeanPostProcessorAutoConfiguration$ReactorDeferringLoadBalancerFilterConfig' of type [org.springframework.cloud.client.loadbalancer.reactive.LoadBalancerBeanPostProcessorAutoConfiguration$ReactorDeferringLoadBalancerFilterConfig] is not eligible for getting processed by all BeanPostProcessors (for example: not eligible for auto-proxying)
13:06:19.744 INFO  Bean 'reactorDeferringLoadBalancerExchangeFilterFunction' of type [org.springframework.cloud.client.loadbalancer.reactive.DeferringLoadBalancerExchangeFilterFunction] is not eligible for getting processed by all BeanPostProcessors (for example: not eligible for auto-proxying)
13:06:20.487 INFO  Tomcat initialized with port(s): 8081 (http)
13:06:20.497 INFO  Initializing ProtocolHandler ["http-nio-8081"]
13:06:20.497 INFO  Starting service [Tomcat]
13:06:20.498 INFO  Starting Servlet engine: [Apache Tomcat/9.0.71]
13:06:20.680 INFO  Initializing Spring embedded WebApplicationContext
13:06:20.680 INFO  Root WebApplicationContext: initialization completed in 4588 ms
13:06:21.454 WARN  No URLs will be polled as dynamic configuration sources.
13:06:21.455 INFO  To enable URLs as dynamic configuration sources, define System property archaius.configurationSource.additionalUrls or make config.properties available on classpath.
13:06:21.483 INFO  DynamicPropertyFactory is initialized with configuration sources: com.netflix.config.ConcurrentCompositeConfiguration@7f02b2d4
13:06:27.289 INFO  Cannot determine local hostname
13:06:30.132 INFO  Cannot determine local hostname
13:06:33.126 INFO  HHH000204: Processing PersistenceUnitInfo [name: default]
13:06:33.262 INFO  HHH000412: Hibernate ORM core version 5.6.14.Final
13:06:33.691 INFO  HCANN000001: Hibernate Commons Annotations {5.1.2.Final}
13:06:33.975 INFO  HikariPool-1 - Starting...
13:06:34.410 INFO  HikariPool-1 - Start completed.
13:06:34.473 INFO  HHH000400: Using dialect: org.hibernate.dialect.MySQL55Dialect
13:06:36.357 INFO  HHH000490: Using JtaPlatform implementation: [org.hibernate.engine.transaction.jta.platform.internal.NoJtaPlatform]
13:06:36.387 INFO  Initialized JPA EntityManagerFactory for persistence unit 'default'
13:06:37.941 WARN  No URLs will be polled as dynamic configuration sources.
13:06:37.942 INFO  To enable URLs as dynamic configuration sources, define System property archaius.configurationSource.additionalUrls or make config.properties available on classpath.
13:06:38.444 WARN  spring.jpa.open-in-view is enabled by default. Therefore, database queries may be performed during view rendering. Explicitly configure spring.jpa.open-in-view to disable this warning
13:06:41.049 INFO  Channel 'order-service.springCloudBusInput' has 1 subscriber(s).
13:06:41.880 INFO  Eureka HTTP Client uses Jersey
13:06:43.888 INFO  Cannot determine local hostname
13:06:45.154 WARN  Spring Cloud LoadBalancer is currently working with the default cache. While this cache implementation is useful for development and tests, it's recommended to use Caffeine cache in production.You can switch to using Caffeine cache, by adding it and org.springframework.cache.caffeine.CaffeineCacheManager to the classpath.
13:06:45.357 INFO  Exposing 32 endpoint(s) beneath base path '/actuator'
13:06:45.649 INFO  Adding {logging-channel-adapter:_org.springframework.integration.errorLogger} as a subscriber to the 'errorChannel' channel
13:06:45.649 INFO  Channel 'order-service.errorChannel' has 1 subscriber(s).
13:06:45.650 INFO  started bean '_org.springframework.integration.errorLogger'
13:06:45.963 INFO  Attempting to connect to: [localhost:5672]
13:06:55.909 INFO  Channel 'order-service.notificationEventSupplier-out-0' has 1 subscriber(s).
13:06:55.940 INFO  Setting initial instance status as: STARTING
13:06:56.073 INFO  Initializing Eureka in region us-east-1
13:06:56.158 INFO  Using JSON encoding codec LegacyJacksonJson
13:06:56.158 INFO  Using JSON decoding codec LegacyJacksonJson
13:06:56.324 INFO  Using XML encoding codec XStreamXml
13:06:56.324 INFO  Using XML decoding codec XStreamXml
13:06:56.565 INFO  Resolving eureka endpoints via configuration
13:06:56.587 INFO  Disable delta property : false
13:06:56.588 INFO  Single vip registry refresh property : null
13:06:56.588 INFO  Force full registry fetch : false
13:06:56.588 INFO  Application is null : false
13:06:56.588 INFO  Registered Applications size is zero : true
13:06:56.588 INFO  Application version is -1: true
13:06:56.588 INFO  Getting all instance registry info from the eureka server
13:06:57.029 INFO  The response status is 200
13:06:57.035 INFO  Starting heartbeat executor: renew interval is: 30
13:06:57.041 INFO  InstanceInfoReplicator onDemand update allowed rate per min is 4
13:06:57.049 INFO  Discovery Client initialized at timestamp 1676196417046 with initial instances count: 3
13:06:57.088 INFO  Registering application ORDER-SERVICE with eureka with status UP
13:06:57.090 INFO  Saw local status change event StatusChangeEvent [timestamp=1676196417090, current=UP, previous=STARTING]
13:06:57.094 INFO  DiscoveryClient_ORDER-SERVICE/localhost:order-service:8081: registering service...
13:06:57.157 INFO  DiscoveryClient_ORDER-SERVICE/localhost:order-service:8081 - registration status: 204
13:06:57.204 INFO  declaring queue for inbound: springCloudBus.anonymous.GtnmKGUdQ6eGAX3CQJPO-g, bound to: springCloudBus
13:06:57.205 INFO  Attempting to connect to: [localhost:5672]
13:07:07.120 INFO  Attempting to connect to: [localhost:5672]
13:07:17.042 INFO  Attempting to connect to: [localhost:5672]
13:07:26.984 INFO  Channel 'springCloudBus.anonymous.GtnmKGUdQ6eGAX3CQJPO-g.errors' has 1 subscriber(s).
13:07:26.985 INFO  Channel 'springCloudBus.anonymous.GtnmKGUdQ6eGAX3CQJPO-g.errors' has 2 subscriber(s).
13:07:26.986 INFO  Attempting to connect to: [localhost:5672]
13:07:36.954 INFO  Broker not available; cannot force queue declarations during start: java.io.IOException
13:07:36.965 INFO  Attempting to connect to: [localhost:5672]
13:07:46.905 INFO  started bean 'inbound.springCloudBus.anonymous.GtnmKGUdQ6eGAX3CQJPO-g'
13:07:46.907 INFO  Starting ProtocolHandler ["http-nio-8081"]
13:07:46.934 INFO  Tomcat started on port(s): 8081 (http) with context path ''
13:07:46.936 INFO  Updating port to 8081
13:07:47.505 INFO  Started OrderServiceApplication in 93.83 seconds (JVM running for 94.572)
13:07:52.019 INFO  Restarting Consumer@3923468a: tags=[[]], channel=null, acknowledgeMode=AUTO local queue size=0
13:07:52.021 INFO  Attempting to connect to: [localhost:5672]
13:08:07.074 INFO  Restarting Consumer@50a01acf: tags=[[]], channel=null, acknowledgeMode=AUTO local queue size=0
13:08:07.075 INFO  Attempting to connect to: [localhost:5672]
13:08:22.071 INFO  Restarting Consumer@69ee33aa: tags=[[]], channel=null, acknowledgeMode=AUTO local queue size=0
13:08:22.073 INFO  Attempting to connect to: [localhost:5672]
13:08:37.099 INFO  Restarting Consumer@3c2a66b4: tags=[[]], channel=null, acknowledgeMode=AUTO local queue size=0
13:08:37.100 INFO  Attempting to connect to: [localhost:5672]
13:08:52.163 INFO  Restarting Consumer@8b88fd4: tags=[[]], channel=null, acknowledgeMode=AUTO local queue size=0
13:08:52.166 INFO  Attempting to connect to: [localhost:5672]
13:09:07.188 INFO  Restarting Consumer@91a6bd7: tags=[[]], channel=null, acknowledgeMode=AUTO local queue size=0
13:09:07.189 INFO  Attempting to connect to: [localhost:5672]
13:09:22.194 INFO  Restarting Consumer@328375b7: tags=[[]], channel=null, acknowledgeMode=AUTO local queue size=0
13:09:22.195 INFO  Attempting to connect to: [localhost:5672]
13:09:27.205 WARN  An unexpected connection driver error occurred (Exception message: Socket closed)
13:09:37.263 INFO  Restarting Consumer@2a5361e2: tags=[[]], channel=null, acknowledgeMode=AUTO local queue size=0
13:09:37.266 INFO  Attempting to connect to: [localhost:5672]
13:09:52.335 INFO  Restarting Consumer@182e2cec: tags=[[]], channel=null, acknowledgeMode=AUTO local queue size=0
13:09:52.335 INFO  Attempting to connect to: [localhost:5672]
13:10:07.368 INFO  Restarting Consumer@5403d01b: tags=[[]], channel=null, acknowledgeMode=AUTO local queue size=0
13:10:07.369 INFO  Attempting to connect to: [localhost:5672]
13:10:22.399 INFO  Restarting Consumer@6ce8ea0d: tags=[[]], channel=null, acknowledgeMode=AUTO local queue size=0
13:10:22.400 INFO  Attempting to connect to: [localhost:5672]
13:10:37.449 INFO  Restarting Consumer@773000f1: tags=[[]], channel=null, acknowledgeMode=AUTO local queue size=0
13:10:37.450 INFO  Attempting to connect to: [localhost:5672]
13:10:47.422 WARN  An unexpected connection driver error occurred (Exception message: Socket closed)
13:10:52.519 INFO  Restarting Consumer@429becac: tags=[[]], channel=null, acknowledgeMode=AUTO local queue size=0
13:10:52.520 INFO  Attempting to connect to: [localhost:5672]
13:11:07.596 INFO  Restarting Consumer@7fb97a65: tags=[[]], channel=null, acknowledgeMode=AUTO local queue size=0
13:11:07.596 INFO  Attempting to connect to: [localhost:5672]
13:11:22.658 INFO  Restarting Consumer@680d66bc: tags=[[]], channel=null, acknowledgeMode=AUTO local queue size=0
13:11:22.659 INFO  Attempting to connect to: [localhost:5672]
13:11:32.627 WARN  An unexpected connection driver error occurred (Exception message: Socket closed)
13:11:37.745 INFO  Restarting Consumer@180367ac: tags=[[]], channel=null, acknowledgeMode=AUTO local queue size=0
13:11:37.746 INFO  Attempting to connect to: [localhost:5672]
13:11:52.746 INFO  Restarting Consumer@bd6d5f8: tags=[[]], channel=null, acknowledgeMode=AUTO local queue size=0
13:11:52.747 INFO  Attempting to connect to: [localhost:5672]
13:11:56.606 INFO  Resolving eureka endpoints via configuration
13:12:07.781 INFO  Restarting Consumer@554b5537: tags=[[]], channel=null, acknowledgeMode=AUTO local queue size=0
13:12:07.782 INFO  Attempting to connect to: [localhost:5672]
13:12:22.808 INFO  Restarting Consumer@7f2433f9: tags=[[]], channel=null, acknowledgeMode=AUTO local queue size=0
13:12:22.810 INFO  Attempting to connect to: [localhost:5672]
13:12:37.893 INFO  Restarting Consumer@488af59: tags=[[]], channel=null, acknowledgeMode=AUTO local queue size=0
13:12:37.894 INFO  Attempting to connect to: [localhost:5672]
13:12:52.964 INFO  Restarting Consumer@76e6ca17: tags=[[]], channel=null, acknowledgeMode=AUTO local queue size=0
13:12:52.965 INFO  Attempting to connect to: [localhost:5672]
13:13:08.014 INFO  Restarting Consumer@7a2cf956: tags=[[]], channel=null, acknowledgeMode=AUTO local queue size=0
13:13:08.016 INFO  Attempting to connect to: [localhost:5672]
13:13:23.057 INFO  Restarting Consumer@24ff38f7: tags=[[]], channel=null, acknowledgeMode=AUTO local queue size=0
13:13:23.058 INFO  Attempting to connect to: [localhost:5672]
13:13:38.104 INFO  Restarting Consumer@4108c10: tags=[[]], channel=null, acknowledgeMode=AUTO local queue size=0
13:13:38.105 INFO  Attempting to connect to: [localhost:5672]
13:13:53.151 INFO  Restarting Consumer@73f80c86: tags=[[]], channel=null, acknowledgeMode=AUTO local queue size=0
13:13:53.151 INFO  Attempting to connect to: [localhost:5672]
13:14:08.209 INFO  Restarting Consumer@369a8e22: tags=[[]], channel=null, acknowledgeMode=AUTO local queue size=0
13:14:08.210 INFO  Attempting to connect to: [localhost:5672]
13:14:18.171 WARN  An unexpected connection driver error occurred (Exception message: Socket closed)
13:14:23.343 INFO  Restarting Consumer@7fc2158a: tags=[[]], channel=null, acknowledgeMode=AUTO local queue size=0
13:14:23.344 INFO  Attempting to connect to: [localhost:5672]
13:14:38.380 INFO  Restarting Consumer@4602bc2f: tags=[[]], channel=null, acknowledgeMode=AUTO local queue size=0
13:14:38.381 INFO  Attempting to connect to: [localhost:5672]
13:14:53.413 INFO  Restarting Consumer@79ec94fe: tags=[[]], channel=null, acknowledgeMode=AUTO local queue size=0
13:14:53.414 INFO  Attempting to connect to: [localhost:5672]
13:15:08.452 INFO  Restarting Consumer@5c2b3043: tags=[[]], channel=null, acknowledgeMode=AUTO local queue size=0
13:15:08.453 INFO  Attempting to connect to: [localhost:5672]
13:15:23.501 INFO  Restarting Consumer@1baa46f6: tags=[[]], channel=null, acknowledgeMode=AUTO local queue size=0
13:15:23.502 INFO  Attempting to connect to: [localhost:5672]
13:15:38.522 INFO  Restarting Consumer@41f50ae3: tags=[[]], channel=null, acknowledgeMode=AUTO local queue size=0
13:15:38.524 INFO  Attempting to connect to: [localhost:5672]
13:15:53.536 INFO  Restarting Consumer@3934b5ac: tags=[[]], channel=null, acknowledgeMode=AUTO local queue size=0
13:15:53.536 INFO  Attempting to connect to: [localhost:5672]
13:16:08.566 INFO  Restarting Consumer@5386568: tags=[[]], channel=null, acknowledgeMode=AUTO local queue size=0
13:16:08.567 INFO  Attempting to connect to: [localhost:5672]
13:16:23.614 INFO  Restarting Consumer@1245c844: tags=[[]], channel=null, acknowledgeMode=AUTO local queue size=0
13:16:23.615 INFO  Attempting to connect to: [localhost:5672]
13:16:38.637 INFO  Restarting Consumer@1d3c96c7: tags=[[]], channel=null, acknowledgeMode=AUTO local queue size=0
13:16:38.638 INFO  Attempting to connect to: [localhost:5672]
13:16:53.633 INFO  Restarting Consumer@51773426: tags=[[]], channel=null, acknowledgeMode=AUTO local queue size=0
13:16:53.633 INFO  Attempting to connect to: [localhost:5672]
13:16:56.616 INFO  Resolving eureka endpoints via configuration
13:17:08.675 INFO  Restarting Consumer@6d7fe48e: tags=[[]], channel=null, acknowledgeMode=AUTO local queue size=0
13:17:08.675 INFO  Attempting to connect to: [localhost:5672]
13:17:23.702 INFO  Restarting Consumer@5b7526f7: tags=[[]], channel=null, acknowledgeMode=AUTO local queue size=0
13:17:23.703 INFO  Attempting to connect to: [localhost:5672]
13:17:38.713 INFO  Restarting Consumer@4034c091: tags=[[]], channel=null, acknowledgeMode=AUTO local queue size=0
13:17:38.715 INFO  Attempting to connect to: [localhost:5672]
13:17:53.713 INFO  Restarting Consumer@2ac327: tags=[[]], channel=null, acknowledgeMode=AUTO local queue size=0
13:17:53.715 INFO  Attempting to connect to: [localhost:5672]
13:18:08.776 INFO  Restarting Consumer@68c4a985: tags=[[]], channel=null, acknowledgeMode=AUTO local queue size=0
13:18:08.779 INFO  Attempting to connect to: [localhost:5672]
13:18:23.815 INFO  Restarting Consumer@57e93435: tags=[[]], channel=null, acknowledgeMode=AUTO local queue size=0
13:18:23.816 INFO  Attempting to connect to: [localhost:5672]
13:18:38.896 INFO  Restarting Consumer@3219b179: tags=[[]], channel=null, acknowledgeMode=AUTO local queue size=0
13:18:38.897 INFO  Attempting to connect to: [localhost:5672]
13:18:43.905 WARN  An unexpected connection driver error occurred (Exception message: Socket closed)
13:18:53.955 INFO  Restarting Consumer@42ebb92: tags=[[]], channel=null, acknowledgeMode=AUTO local queue size=0
13:18:53.956 INFO  Attempting to connect to: [localhost:5672]
13:19:08.989 INFO  Restarting Consumer@4a2640e3: tags=[[]], channel=null, acknowledgeMode=AUTO local queue size=0
13:19:08.990 INFO  Attempting to connect to: [localhost:5672]
13:19:23.983 INFO  Restarting Consumer@41f384a5: tags=[[]], channel=null, acknowledgeMode=AUTO local queue size=0
13:19:23.984 INFO  Attempting to connect to: [localhost:5672]
13:19:39.039 INFO  Restarting Consumer@2363c533: tags=[[]], channel=null, acknowledgeMode=AUTO local queue size=0
13:19:39.040 INFO  Attempting to connect to: [localhost:5672]
13:19:54.077 INFO  Restarting Consumer@2c503b17: tags=[[]], channel=null, acknowledgeMode=AUTO local queue size=0
13:19:54.078 INFO  Attempting to connect to: [localhost:5672]
13:20:09.111 INFO  Restarting Consumer@36964767: tags=[[]], channel=null, acknowledgeMode=AUTO local queue size=0
13:20:09.111 INFO  Attempting to connect to: [localhost:5672]
13:20:24.114 INFO  Restarting Consumer@680b20ac: tags=[[]], channel=null, acknowledgeMode=AUTO local queue size=0
13:20:24.115 INFO  Attempting to connect to: [localhost:5672]
13:20:39.120 INFO  Restarting Consumer@4fd86746: tags=[[]], channel=null, acknowledgeMode=AUTO local queue size=0
13:20:39.121 INFO  Attempting to connect to: [localhost:5672]
13:20:54.144 INFO  Restarting Consumer@1220e5c2: tags=[[]], channel=null, acknowledgeMode=AUTO local queue size=0
13:20:54.144 INFO  Attempting to connect to: [localhost:5672]
13:21:09.150 INFO  Restarting Consumer@6352e2a3: tags=[[]], channel=null, acknowledgeMode=AUTO local queue size=0
13:21:09.151 INFO  Attempting to connect to: [localhost:5672]
13:21:24.183 INFO  Restarting Consumer@521e1179: tags=[[]], channel=null, acknowledgeMode=AUTO local queue size=0
13:21:24.184 INFO  Attempting to connect to: [localhost:5672]
13:21:27.468 INFO  Request execution error. endpoint=DefaultEndpoint{ serviceUrl='http://eureka:password@localhost:8761/eureka/} exception=java.net.ConnectException: Connection refused: no further information stacktrace=com.sun.jersey.api.client.ClientHandlerException: java.net.ConnectException: Connection refused: no further information
	at com.sun.jersey.client.apache4.ApacheHttpClient4Handler.handle(ApacheHttpClient4Handler.java:187)
	at com.sun.jersey.api.client.filter.GZIPContentEncodingFilter.handle(GZIPContentEncodingFilter.java:123)
	at com.netflix.discovery.EurekaIdentityHeaderFilter.handle(EurekaIdentityHeaderFilter.java:27)
	at com.sun.jersey.api.client.Client.handle(Client.java:652)
	at com.sun.jersey.api.client.WebResource.handle(WebResource.java:682)
	at com.sun.jersey.api.client.WebResource.access$200(WebResource.java:74)
	at com.sun.jersey.api.client.WebResource$Builder.get(WebResource.java:509)
	at com.netflix.discovery.shared.transport.jersey.AbstractJerseyEurekaHttpClient.getApplicationsInternal(AbstractJerseyEurekaHttpClient.java:196)
	at com.netflix.discovery.shared.transport.jersey.AbstractJerseyEurekaHttpClient.getDelta(AbstractJerseyEurekaHttpClient.java:172)
	at com.netflix.discovery.shared.transport.decorator.EurekaHttpClientDecorator$7.execute(EurekaHttpClientDecorator.java:152)
	at com.netflix.discovery.shared.transport.decorator.MetricsCollectingEurekaHttpClient.execute(MetricsCollectingEurekaHttpClient.java:73)
	at com.netflix.discovery.shared.transport.decorator.EurekaHttpClientDecorator.getDelta(EurekaHttpClientDecorator.java:149)
	at com.netflix.discovery.shared.transport.decorator.EurekaHttpClientDecorator$7.execute(EurekaHttpClientDecorator.java:152)
	at com.netflix.discovery.shared.transport.decorator.RedirectingEurekaHttpClient.execute(RedirectingEurekaHttpClient.java:91)
	at com.netflix.discovery.shared.transport.decorator.EurekaHttpClientDecorator.getDelta(EurekaHttpClientDecorator.java:149)
	at com.netflix.discovery.shared.transport.decorator.EurekaHttpClientDecorator$7.execute(EurekaHttpClientDecorator.java:152)
	at com.netflix.discovery.shared.transport.decorator.RetryableEurekaHttpClient.execute(RetryableEurekaHttpClient.java:120)
	at com.netflix.discovery.shared.transport.decorator.EurekaHttpClientDecorator.getDelta(EurekaHttpClientDecorator.java:149)
	at com.netflix.discovery.shared.transport.decorator.EurekaHttpClientDecorator$7.execute(EurekaHttpClientDecorator.java:152)
	at com.netflix.discovery.shared.transport.decorator.SessionedEurekaHttpClient.execute(SessionedEurekaHttpClient.java:77)
	at com.netflix.discovery.shared.transport.decorator.EurekaHttpClientDecorator.getDelta(EurekaHttpClientDecorator.java:149)
	at com.netflix.discovery.DiscoveryClient.getAndUpdateDelta(DiscoveryClient.java:1135)
	at com.netflix.discovery.DiscoveryClient.fetchRegistry(DiscoveryClient.java:1016)
	at com.netflix.discovery.DiscoveryClient.refreshRegistry(DiscoveryClient.java:1531)
	at com.netflix.discovery.DiscoveryClient$CacheRefreshThread.run(DiscoveryClient.java:1498)
	at java.base/java.util.concurrent.Executors$RunnableAdapter.call(Executors.java:539)
	at java.base/java.util.concurrent.FutureTask.run(FutureTask.java:264)
	at java.base/java.util.concurrent.ThreadPoolExecutor.runWorker(ThreadPoolExecutor.java:1136)
	at java.base/java.util.concurrent.ThreadPoolExecutor$Worker.run(ThreadPoolExecutor.java:635)
	at java.base/java.lang.Thread.run(Thread.java:833)
Caused by: java.net.ConnectException: Connection refused: no further information
	at java.base/sun.nio.ch.Net.pollConnect(Native Method)
	at java.base/sun.nio.ch.Net.pollConnectNow(Net.java:672)
	at java.base/sun.nio.ch.NioSocketImpl.timedFinishConnect(NioSocketImpl.java:542)
	at java.base/sun.nio.ch.NioSocketImpl.connect(NioSocketImpl.java:597)
	at java.base/java.net.SocksSocketImpl.connect(SocksSocketImpl.java:327)
	at java.base/java.net.Socket.connect(Socket.java:633)
	at org.apache.http.conn.scheme.PlainSocketFactory.connectSocket(PlainSocketFactory.java:121)
	at org.apache.http.impl.conn.DefaultClientConnectionOperator.openConnection(DefaultClientConnectionOperator.java:180)
	at org.apache.http.impl.conn.AbstractPoolEntry.open(AbstractPoolEntry.java:144)
	at org.apache.http.impl.conn.AbstractPooledConnAdapter.open(AbstractPooledConnAdapter.java:134)
	at org.apache.http.impl.client.DefaultRequestDirector.tryConnect(DefaultRequestDirector.java:605)
	at org.apache.http.impl.client.DefaultRequestDirector.execute(DefaultRequestDirector.java:440)
	at org.apache.http.impl.client.AbstractHttpClient.doExecute(AbstractHttpClient.java:835)
	at org.apache.http.impl.client.CloseableHttpClient.execute(CloseableHttpClient.java:118)
	at org.apache.http.impl.client.CloseableHttpClient.execute(CloseableHttpClient.java:56)
	at com.sun.jersey.client.apache4.ApacheHttpClient4Handler.handle(ApacheHttpClient4Handler.java:173)
	... 29 more

13:21:27.468 WARN  Request execution failed with message: java.net.ConnectException: Connection refused: no further information
13:21:27.478 INFO  Request execution error. endpoint=DefaultEndpoint{ serviceUrl='http://eureka:password@localhost:8761/eureka/} exception=java.net.ConnectException: Connection refused: no further information stacktrace=com.sun.jersey.api.client.ClientHandlerException: java.net.ConnectException: Connection refused: no further information
	at com.sun.jersey.client.apache4.ApacheHttpClient4Handler.handle(ApacheHttpClient4Handler.java:187)
	at com.sun.jersey.api.client.filter.GZIPContentEncodingFilter.handle(GZIPContentEncodingFilter.java:123)
	at com.netflix.discovery.EurekaIdentityHeaderFilter.handle(EurekaIdentityHeaderFilter.java:27)
	at com.sun.jersey.api.client.Client.handle(Client.java:652)
	at com.sun.jersey.api.client.WebResource.handle(WebResource.java:682)
	at com.sun.jersey.api.client.WebResource.access$200(WebResource.java:74)
	at com.sun.jersey.api.client.WebResource$Builder.put(WebResource.java:529)
	at com.netflix.discovery.shared.transport.jersey.AbstractJerseyEurekaHttpClient.sendHeartBeat(AbstractJerseyEurekaHttpClient.java:103)
	at com.netflix.discovery.shared.transport.decorator.EurekaHttpClientDecorator$3.execute(EurekaHttpClientDecorator.java:92)
	at com.netflix.discovery.shared.transport.decorator.MetricsCollectingEurekaHttpClient.execute(MetricsCollectingEurekaHttpClient.java:73)
	at com.netflix.discovery.shared.transport.decorator.EurekaHttpClientDecorator.sendHeartBeat(EurekaHttpClientDecorator.java:89)
	at com.netflix.discovery.shared.transport.decorator.EurekaHttpClientDecorator$3.execute(EurekaHttpClientDecorator.java:92)
	at com.netflix.discovery.shared.transport.decorator.RedirectingEurekaHttpClient.execute(RedirectingEurekaHttpClient.java:91)
	at com.netflix.discovery.shared.transport.decorator.EurekaHttpClientDecorator.sendHeartBeat(EurekaHttpClientDecorator.java:89)
	at com.netflix.discovery.shared.transport.decorator.EurekaHttpClientDecorator$3.execute(EurekaHttpClientDecorator.java:92)
	at com.netflix.discovery.shared.transport.decorator.RetryableEurekaHttpClient.execute(RetryableEurekaHttpClient.java:120)
	at com.netflix.discovery.shared.transport.decorator.EurekaHttpClientDecorator.sendHeartBeat(EurekaHttpClientDecorator.java:89)
	at com.netflix.discovery.shared.transport.decorator.EurekaHttpClientDecorator$3.execute(EurekaHttpClientDecorator.java:92)
	at com.netflix.discovery.shared.transport.decorator.SessionedEurekaHttpClient.execute(SessionedEurekaHttpClient.java:77)
	at com.netflix.discovery.shared.transport.decorator.EurekaHttpClientDecorator.sendHeartBeat(EurekaHttpClientDecorator.java:89)
	at com.netflix.discovery.DiscoveryClient.renew(DiscoveryClient.java:893)
	at com.netflix.discovery.DiscoveryClient$HeartbeatThread.run(DiscoveryClient.java:1457)
	at java.base/java.util.concurrent.Executors$RunnableAdapter.call(Executors.java:539)
	at java.base/java.util.concurrent.FutureTask.run(FutureTask.java:264)
	at java.base/java.util.concurrent.ThreadPoolExecutor.runWorker(ThreadPoolExecutor.java:1136)
	at java.base/java.util.concurrent.ThreadPoolExecutor$Worker.run(ThreadPoolExecutor.java:635)
	at java.base/java.lang.Thread.run(Thread.java:833)
Caused by: java.net.ConnectException: Connection refused: no further information
	at java.base/sun.nio.ch.Net.pollConnect(Native Method)
	at java.base/sun.nio.ch.Net.pollConnectNow(Net.java:672)
	at java.base/sun.nio.ch.NioSocketImpl.timedFinishConnect(NioSocketImpl.java:542)
	at java.base/sun.nio.ch.NioSocketImpl.connect(NioSocketImpl.java:597)
	at java.base/java.net.SocksSocketImpl.connect(SocksSocketImpl.java:327)
	at java.base/java.net.Socket.connect(Socket.java:633)
	at org.apache.http.conn.scheme.PlainSocketFactory.connectSocket(PlainSocketFactory.java:121)
	at org.apache.http.impl.conn.DefaultClientConnectionOperator.openConnection(DefaultClientConnectionOperator.java:180)
	at org.apache.http.impl.conn.AbstractPoolEntry.open(AbstractPoolEntry.java:144)
	at org.apache.http.impl.conn.AbstractPooledConnAdapter.open(AbstractPooledConnAdapter.java:134)
	at org.apache.http.impl.client.DefaultRequestDirector.tryConnect(DefaultRequestDirector.java:605)
	at org.apache.http.impl.client.DefaultRequestDirector.execute(DefaultRequestDirector.java:440)
	at org.apache.http.impl.client.AbstractHttpClient.doExecute(AbstractHttpClient.java:835)
	at org.apache.http.impl.client.CloseableHttpClient.execute(CloseableHttpClient.java:118)
	at org.apache.http.impl.client.CloseableHttpClient.execute(CloseableHttpClient.java:56)
	at com.sun.jersey.client.apache4.ApacheHttpClient4Handler.handle(ApacheHttpClient4Handler.java:173)
	... 26 more

13:21:27.478 WARN  Request execution failed with message: java.net.ConnectException: Connection refused: no further information
13:21:27.510 INFO  Request execution error. endpoint=DefaultEndpoint{ serviceUrl='http://eureka:password@localhost:8761/eureka/}, exception=java.net.ConnectException: Connection refused: no further information stacktrace=com.sun.jersey.api.client.ClientHandlerException: java.net.ConnectException: Connection refused: no further information
	at com.sun.jersey.client.apache4.ApacheHttpClient4Handler.handle(ApacheHttpClient4Handler.java:187)
	at com.sun.jersey.api.client.filter.GZIPContentEncodingFilter.handle(GZIPContentEncodingFilter.java:123)
	at com.netflix.discovery.EurekaIdentityHeaderFilter.handle(EurekaIdentityHeaderFilter.java:27)
	at com.sun.jersey.api.client.Client.handle(Client.java:652)
	at com.sun.jersey.api.client.WebResource.handle(WebResource.java:682)
	at com.sun.jersey.api.client.WebResource.access$200(WebResource.java:74)
	at com.sun.jersey.api.client.WebResource$Builder.put(WebResource.java:529)
	at com.netflix.discovery.shared.transport.jersey.AbstractJerseyEurekaHttpClient.sendHeartBeat(AbstractJerseyEurekaHttpClient.java:103)
	at com.netflix.discovery.shared.transport.decorator.EurekaHttpClientDecorator$3.execute(EurekaHttpClientDecorator.java:92)
	at com.netflix.discovery.shared.transport.decorator.MetricsCollectingEurekaHttpClient.execute(MetricsCollectingEurekaHttpClient.java:73)
	at com.netflix.discovery.shared.transport.decorator.EurekaHttpClientDecorator.sendHeartBeat(EurekaHttpClientDecorator.java:89)
	at com.netflix.discovery.shared.transport.decorator.EurekaHttpClientDecorator$3.execute(EurekaHttpClientDecorator.java:92)
	at com.netflix.discovery.shared.transport.decorator.RedirectingEurekaHttpClient.executeOnNewServer(RedirectingEurekaHttpClient.java:121)
	at com.netflix.discovery.shared.transport.decorator.RedirectingEurekaHttpClient.execute(RedirectingEurekaHttpClient.java:80)
	at com.netflix.discovery.shared.transport.decorator.EurekaHttpClientDecorator.sendHeartBeat(EurekaHttpClientDecorator.java:89)
	at com.netflix.discovery.shared.transport.decorator.EurekaHttpClientDecorator$3.execute(EurekaHttpClientDecorator.java:92)
	at com.netflix.discovery.shared.transport.decorator.RetryableEurekaHttpClient.execute(RetryableEurekaHttpClient.java:120)
	at com.netflix.discovery.shared.transport.decorator.EurekaHttpClientDecorator.sendHeartBeat(EurekaHttpClientDecorator.java:89)
	at com.netflix.discovery.shared.transport.decorator.EurekaHttpClientDecorator$3.execute(EurekaHttpClientDecorator.java:92)
	at com.netflix.discovery.shared.transport.decorator.SessionedEurekaHttpClient.execute(SessionedEurekaHttpClient.java:77)
	at com.netflix.discovery.shared.transport.decorator.EurekaHttpClientDecorator.sendHeartBeat(EurekaHttpClientDecorator.java:89)
	at com.netflix.discovery.DiscoveryClient.renew(DiscoveryClient.java:893)
	at com.netflix.discovery.DiscoveryClient$HeartbeatThread.run(DiscoveryClient.java:1457)
	at java.base/java.util.concurrent.Executors$RunnableAdapter.call(Executors.java:539)
	at java.base/java.util.concurrent.FutureTask.run(FutureTask.java:264)
	at java.base/java.util.concurrent.ThreadPoolExecutor.runWorker(ThreadPoolExecutor.java:1136)
	at java.base/java.util.concurrent.ThreadPoolExecutor$Worker.run(ThreadPoolExecutor.java:635)
	at java.base/java.lang.Thread.run(Thread.java:833)
Caused by: java.net.ConnectException: Connection refused: no further information
	at java.base/sun.nio.ch.Net.pollConnect(Native Method)
	at java.base/sun.nio.ch.Net.pollConnectNow(Net.java:672)
	at java.base/sun.nio.ch.NioSocketImpl.timedFinishConnect(NioSocketImpl.java:542)
	at java.base/sun.nio.ch.NioSocketImpl.connect(NioSocketImpl.java:597)
	at java.base/java.net.SocksSocketImpl.connect(SocksSocketImpl.java:327)
	at java.base/java.net.Socket.connect(Socket.java:633)
	at org.apache.http.conn.scheme.PlainSocketFactory.connectSocket(PlainSocketFactory.java:121)
	at org.apache.http.impl.conn.DefaultClientConnectionOperator.openConnection(DefaultClientConnectionOperator.java:180)
	at org.apache.http.impl.conn.AbstractPoolEntry.open(AbstractPoolEntry.java:144)
	at org.apache.http.impl.conn.AbstractPooledConnAdapter.open(AbstractPooledConnAdapter.java:134)
	at org.apache.http.impl.client.DefaultRequestDirector.tryConnect(DefaultRequestDirector.java:605)
	at org.apache.http.impl.client.DefaultRequestDirector.execute(DefaultRequestDirector.java:440)
	at org.apache.http.impl.client.AbstractHttpClient.doExecute(AbstractHttpClient.java:835)
	at org.apache.http.impl.client.CloseableHttpClient.execute(CloseableHttpClient.java:118)
	at org.apache.http.impl.client.CloseableHttpClient.execute(CloseableHttpClient.java:56)
	at com.sun.jersey.client.apache4.ApacheHttpClient4Handler.handle(ApacheHttpClient4Handler.java:173)
	... 27 more

13:21:27.510 INFO  Request execution error. endpoint=DefaultEndpoint{ serviceUrl='http://eureka:password@localhost:8761/eureka/}, exception=java.net.ConnectException: Connection refused: no further information stacktrace=com.sun.jersey.api.client.ClientHandlerException: java.net.ConnectException: Connection refused: no further information
	at com.sun.jersey.client.apache4.ApacheHttpClient4Handler.handle(ApacheHttpClient4Handler.java:187)
	at com.sun.jersey.api.client.filter.GZIPContentEncodingFilter.handle(GZIPContentEncodingFilter.java:123)
	at com.netflix.discovery.EurekaIdentityHeaderFilter.handle(EurekaIdentityHeaderFilter.java:27)
	at com.sun.jersey.api.client.Client.handle(Client.java:652)
	at com.sun.jersey.api.client.WebResource.handle(WebResource.java:682)
	at com.sun.jersey.api.client.WebResource.access$200(WebResource.java:74)
	at com.sun.jersey.api.client.WebResource$Builder.get(WebResource.java:509)
	at com.netflix.discovery.shared.transport.jersey.AbstractJerseyEurekaHttpClient.getApplicationsInternal(AbstractJerseyEurekaHttpClient.java:196)
	at com.netflix.discovery.shared.transport.jersey.AbstractJerseyEurekaHttpClient.getDelta(AbstractJerseyEurekaHttpClient.java:172)
	at com.netflix.discovery.shared.transport.decorator.EurekaHttpClientDecorator$7.execute(EurekaHttpClientDecorator.java:152)
	at com.netflix.discovery.shared.transport.decorator.MetricsCollectingEurekaHttpClient.execute(MetricsCollectingEurekaHttpClient.java:73)
	at com.netflix.discovery.shared.transport.decorator.EurekaHttpClientDecorator.getDelta(EurekaHttpClientDecorator.java:149)
	at com.netflix.discovery.shared.transport.decorator.EurekaHttpClientDecorator$7.execute(EurekaHttpClientDecorator.java:152)
	at com.netflix.discovery.shared.transport.decorator.RedirectingEurekaHttpClient.executeOnNewServer(RedirectingEurekaHttpClient.java:121)
	at com.netflix.discovery.shared.transport.decorator.RedirectingEurekaHttpClient.execute(RedirectingEurekaHttpClient.java:80)
	at com.netflix.discovery.shared.transport.decorator.EurekaHttpClientDecorator.getDelta(EurekaHttpClientDecorator.java:149)
	at com.netflix.discovery.shared.transport.decorator.EurekaHttpClientDecorator$7.execute(EurekaHttpClientDecorator.java:152)
	at com.netflix.discovery.shared.transport.decorator.RetryableEurekaHttpClient.execute(RetryableEurekaHttpClient.java:120)
	at com.netflix.discovery.shared.transport.decorator.EurekaHttpClientDecorator.getDelta(EurekaHttpClientDecorator.java:149)
	at com.netflix.discovery.shared.transport.decorator.EurekaHttpClientDecorator$7.execute(EurekaHttpClientDecorator.java:152)
	at com.netflix.discovery.shared.transport.decorator.SessionedEurekaHttpClient.execute(SessionedEurekaHttpClient.java:77)
	at com.netflix.discovery.shared.transport.decorator.EurekaHttpClientDecorator.getDelta(EurekaHttpClientDecorator.java:149)
	at com.netflix.discovery.DiscoveryClient.getAndUpdateDelta(DiscoveryClient.java:1135)
	at com.netflix.discovery.DiscoveryClient.fetchRegistry(DiscoveryClient.java:1016)
	at com.netflix.discovery.DiscoveryClient.refreshRegistry(DiscoveryClient.java:1531)
	at com.netflix.discovery.DiscoveryClient$CacheRefreshThread.run(DiscoveryClient.java:1498)
	at java.base/java.util.concurrent.Executors$RunnableAdapter.call(Executors.java:539)
	at java.base/java.util.concurrent.FutureTask.run(FutureTask.java:264)
	at java.base/java.util.concurrent.ThreadPoolExecutor.runWorker(ThreadPoolExecutor.java:1136)
	at java.base/java.util.concurrent.ThreadPoolExecutor$Worker.run(ThreadPoolExecutor.java:635)
	at java.base/java.lang.Thread.run(Thread.java:833)
Caused by: java.net.ConnectException: Connection refused: no further information
	at java.base/sun.nio.ch.Net.pollConnect(Native Method)
	at java.base/sun.nio.ch.Net.pollConnectNow(Net.java:672)
	at java.base/sun.nio.ch.NioSocketImpl.timedFinishConnect(NioSocketImpl.java:542)
	at java.base/sun.nio.ch.NioSocketImpl.connect(NioSocketImpl.java:597)
	at java.base/java.net.SocksSocketImpl.connect(SocksSocketImpl.java:327)
	at java.base/java.net.Socket.connect(Socket.java:633)
	at org.apache.http.conn.scheme.PlainSocketFactory.connectSocket(PlainSocketFactory.java:121)
	at org.apache.http.impl.conn.DefaultClientConnectionOperator.openConnection(DefaultClientConnectionOperator.java:180)
	at org.apache.http.impl.conn.AbstractPoolEntry.open(AbstractPoolEntry.java:144)
	at org.apache.http.impl.conn.AbstractPooledConnAdapter.open(AbstractPooledConnAdapter.java:134)
	at org.apache.http.impl.client.DefaultRequestDirector.tryConnect(DefaultRequestDirector.java:605)
	at org.apache.http.impl.client.DefaultRequestDirector.execute(DefaultRequestDirector.java:440)
	at org.apache.http.impl.client.AbstractHttpClient.doExecute(AbstractHttpClient.java:835)
	at org.apache.http.impl.client.CloseableHttpClient.execute(CloseableHttpClient.java:118)
	at org.apache.http.impl.client.CloseableHttpClient.execute(CloseableHttpClient.java:56)
	at com.sun.jersey.client.apache4.ApacheHttpClient4Handler.handle(ApacheHttpClient4Handler.java:173)
	... 30 more

13:21:27.510 WARN  Request execution failed with message: java.net.ConnectException: Connection refused: no further information
13:21:27.510 WARN  Request execution failed with message: java.net.ConnectException: Connection refused: no further information
13:21:27.510 INFO  DiscoveryClient_ORDER-SERVICE/localhost:order-service:8081 - was unable to refresh its cache! This periodic background refresh will be retried in 30 seconds. status = Cannot execute request on any known server stacktrace = com.netflix.discovery.shared.transport.TransportException: Cannot execute request on any known server
	at com.netflix.discovery.shared.transport.decorator.RetryableEurekaHttpClient.execute(RetryableEurekaHttpClient.java:112)
	at com.netflix.discovery.shared.transport.decorator.EurekaHttpClientDecorator.getDelta(EurekaHttpClientDecorator.java:149)
	at com.netflix.discovery.shared.transport.decorator.EurekaHttpClientDecorator$7.execute(EurekaHttpClientDecorator.java:152)
	at com.netflix.discovery.shared.transport.decorator.SessionedEurekaHttpClient.execute(SessionedEurekaHttpClient.java:77)
	at com.netflix.discovery.shared.transport.decorator.EurekaHttpClientDecorator.getDelta(EurekaHttpClientDecorator.java:149)
	at com.netflix.discovery.DiscoveryClient.getAndUpdateDelta(DiscoveryClient.java:1135)
	at com.netflix.discovery.DiscoveryClient.fetchRegistry(DiscoveryClient.java:1016)
	at com.netflix.discovery.DiscoveryClient.refreshRegistry(DiscoveryClient.java:1531)
	at com.netflix.discovery.DiscoveryClient$CacheRefreshThread.run(DiscoveryClient.java:1498)
	at java.base/java.util.concurrent.Executors$RunnableAdapter.call(Executors.java:539)
	at java.base/java.util.concurrent.FutureTask.run(FutureTask.java:264)
	at java.base/java.util.concurrent.ThreadPoolExecutor.runWorker(ThreadPoolExecutor.java:1136)
	at java.base/java.util.concurrent.ThreadPoolExecutor$Worker.run(ThreadPoolExecutor.java:635)
	at java.base/java.lang.Thread.run(Thread.java:833)

13:21:27.512 ERROR DiscoveryClient_ORDER-SERVICE/localhost:order-service:8081 - was unable to send heartbeat!
com.netflix.discovery.shared.transport.TransportException: Cannot execute request on any known server
	at com.netflix.discovery.shared.transport.decorator.RetryableEurekaHttpClient.execute(RetryableEurekaHttpClient.java:112)
	at com.netflix.discovery.shared.transport.decorator.EurekaHttpClientDecorator.sendHeartBeat(EurekaHttpClientDecorator.java:89)
	at com.netflix.discovery.shared.transport.decorator.EurekaHttpClientDecorator$3.execute(EurekaHttpClientDecorator.java:92)
	at com.netflix.discovery.shared.transport.decorator.SessionedEurekaHttpClient.execute(SessionedEurekaHttpClient.java:77)
	at com.netflix.discovery.shared.transport.decorator.EurekaHttpClientDecorator.sendHeartBeat(EurekaHttpClientDecorator.java:89)
	at com.netflix.discovery.DiscoveryClient.renew(DiscoveryClient.java:893)
	at com.netflix.discovery.DiscoveryClient$HeartbeatThread.run(DiscoveryClient.java:1457)
	at java.base/java.util.concurrent.Executors$RunnableAdapter.call(Executors.java:539)
	at java.base/java.util.concurrent.FutureTask.run(FutureTask.java:264)
	at java.base/java.util.concurrent.ThreadPoolExecutor.runWorker(ThreadPoolExecutor.java:1136)
	at java.base/java.util.concurrent.ThreadPoolExecutor$Worker.run(ThreadPoolExecutor.java:635)
	at java.base/java.lang.Thread.run(Thread.java:833)
13:21:39.262 INFO  Restarting Consumer@65bd244f: tags=[[]], channel=null, acknowledgeMode=AUTO local queue size=0
13:21:39.263 INFO  Attempting to connect to: [localhost:5672]
13:21:40.183 INFO  Flushing remaining spans on shutdown
13:21:40.185 INFO  Unregistering application ORDER-SERVICE with eureka with status DOWN
13:21:40.185 INFO  Saw local status change event StatusChangeEvent [timestamp=1676197300185, current=DOWN, previous=UP]
13:21:40.185 INFO  DiscoveryClient_ORDER-SERVICE/localhost:order-service:8081: registering service...
13:21:40.188 INFO  Request execution error. endpoint=DefaultEndpoint{ serviceUrl='http://eureka:password@localhost:8761/eureka/}, exception=java.net.ConnectException: Connection refused: no further information stacktrace=com.sun.jersey.api.client.ClientHandlerException: java.net.ConnectException: Connection refused: no further information
	at com.sun.jersey.client.apache4.ApacheHttpClient4Handler.handle(ApacheHttpClient4Handler.java:187)
	at com.sun.jersey.api.client.filter.GZIPContentEncodingFilter.handle(GZIPContentEncodingFilter.java:123)
	at com.netflix.discovery.EurekaIdentityHeaderFilter.handle(EurekaIdentityHeaderFilter.java:27)
	at com.sun.jersey.api.client.Client.handle(Client.java:652)
	at com.sun.jersey.api.client.WebResource.handle(WebResource.java:682)
	at com.sun.jersey.api.client.WebResource.access$200(WebResource.java:74)
	at com.sun.jersey.api.client.WebResource$Builder.post(WebResource.java:570)
	at com.netflix.discovery.shared.transport.jersey.AbstractJerseyEurekaHttpClient.register(AbstractJerseyEurekaHttpClient.java:57)
	at com.netflix.discovery.shared.transport.decorator.EurekaHttpClientDecorator$1.execute(EurekaHttpClientDecorator.java:59)
	at com.netflix.discovery.shared.transport.decorator.MetricsCollectingEurekaHttpClient.execute(MetricsCollectingEurekaHttpClient.java:73)
	at com.netflix.discovery.shared.transport.decorator.EurekaHttpClientDecorator.register(EurekaHttpClientDecorator.java:56)
	at com.netflix.discovery.shared.transport.decorator.EurekaHttpClientDecorator$1.execute(EurekaHttpClientDecorator.java:59)
	at com.netflix.discovery.shared.transport.decorator.RedirectingEurekaHttpClient.executeOnNewServer(RedirectingEurekaHttpClient.java:121)
	at com.netflix.discovery.shared.transport.decorator.RedirectingEurekaHttpClient.execute(RedirectingEurekaHttpClient.java:80)
	at com.netflix.discovery.shared.transport.decorator.EurekaHttpClientDecorator.register(EurekaHttpClientDecorator.java:56)
	at com.netflix.discovery.shared.transport.decorator.EurekaHttpClientDecorator$1.execute(EurekaHttpClientDecorator.java:59)
	at com.netflix.discovery.shared.transport.decorator.RetryableEurekaHttpClient.execute(RetryableEurekaHttpClient.java:120)
	at com.netflix.discovery.shared.transport.decorator.EurekaHttpClientDecorator.register(EurekaHttpClientDecorator.java:56)
	at com.netflix.discovery.shared.transport.decorator.EurekaHttpClientDecorator$1.execute(EurekaHttpClientDecorator.java:59)
	at com.netflix.discovery.shared.transport.decorator.SessionedEurekaHttpClient.execute(SessionedEurekaHttpClient.java:77)
	at com.netflix.discovery.shared.transport.decorator.EurekaHttpClientDecorator.register(EurekaHttpClientDecorator.java:56)
	at com.netflix.discovery.DiscoveryClient.register(DiscoveryClient.java:876)
	at com.netflix.discovery.InstanceInfoReplicator.run(InstanceInfoReplicator.java:121)
	at com.netflix.discovery.InstanceInfoReplicator$1.run(InstanceInfoReplicator.java:101)
	at java.base/java.util.concurrent.Executors$RunnableAdapter.call(Executors.java:539)
	at java.base/java.util.concurrent.FutureTask.run(FutureTask.java:264)
	at java.base/java.util.concurrent.ScheduledThreadPoolExecutor$ScheduledFutureTask.run(ScheduledThreadPoolExecutor.java:304)
	at java.base/java.util.concurrent.ThreadPoolExecutor.runWorker(ThreadPoolExecutor.java:1136)
	at java.base/java.util.concurrent.ThreadPoolExecutor$Worker.run(ThreadPoolExecutor.java:635)
	at java.base/java.lang.Thread.run(Thread.java:833)
Caused by: java.net.ConnectException: Connection refused: no further information
	at java.base/sun.nio.ch.Net.pollConnect(Native Method)
	at java.base/sun.nio.ch.Net.pollConnectNow(Net.java:672)
	at java.base/sun.nio.ch.NioSocketImpl.timedFinishConnect(NioSocketImpl.java:542)
	at java.base/sun.nio.ch.NioSocketImpl.connect(NioSocketImpl.java:597)
	at java.base/java.net.SocksSocketImpl.connect(SocksSocketImpl.java:327)
	at java.base/java.net.Socket.connect(Socket.java:633)
	at org.apache.http.conn.scheme.PlainSocketFactory.connectSocket(PlainSocketFactory.java:121)
	at org.apache.http.impl.conn.DefaultClientConnectionOperator.openConnection(DefaultClientConnectionOperator.java:180)
	at org.apache.http.impl.conn.AbstractPoolEntry.open(AbstractPoolEntry.java:144)
	at org.apache.http.impl.conn.AbstractPooledConnAdapter.open(AbstractPooledConnAdapter.java:134)
	at org.apache.http.impl.client.DefaultRequestDirector.tryConnect(DefaultRequestDirector.java:605)
	at org.apache.http.impl.client.DefaultRequestDirector.execute(DefaultRequestDirector.java:440)
	at org.apache.http.impl.client.AbstractHttpClient.doExecute(AbstractHttpClient.java:835)
	at org.apache.http.impl.client.CloseableHttpClient.execute(CloseableHttpClient.java:118)
	at org.apache.http.impl.client.CloseableHttpClient.execute(CloseableHttpClient.java:56)
	at com.sun.jersey.client.apache4.ApacheHttpClient4Handler.handle(ApacheHttpClient4Handler.java:173)
	... 29 more

13:21:40.188 WARN  Request execution failed with message: java.net.ConnectException: Connection refused: no further information
13:21:40.188 WARN  DiscoveryClient_ORDER-SERVICE/localhost:order-service:8081 - registration failed Cannot execute request on any known server
com.netflix.discovery.shared.transport.TransportException: Cannot execute request on any known server
	at com.netflix.discovery.shared.transport.decorator.RetryableEurekaHttpClient.execute(RetryableEurekaHttpClient.java:112)
	at com.netflix.discovery.shared.transport.decorator.EurekaHttpClientDecorator.register(EurekaHttpClientDecorator.java:56)
	at com.netflix.discovery.shared.transport.decorator.EurekaHttpClientDecorator$1.execute(EurekaHttpClientDecorator.java:59)
	at com.netflix.discovery.shared.transport.decorator.SessionedEurekaHttpClient.execute(SessionedEurekaHttpClient.java:77)
	at com.netflix.discovery.shared.transport.decorator.EurekaHttpClientDecorator.register(EurekaHttpClientDecorator.java:56)
	at com.netflix.discovery.DiscoveryClient.register(DiscoveryClient.java:876)
	at com.netflix.discovery.InstanceInfoReplicator.run(InstanceInfoReplicator.java:121)
	at com.netflix.discovery.InstanceInfoReplicator$1.run(InstanceInfoReplicator.java:101)
	at java.base/java.util.concurrent.Executors$RunnableAdapter.call(Executors.java:539)
	at java.base/java.util.concurrent.FutureTask.run(FutureTask.java:264)
	at java.base/java.util.concurrent.ScheduledThreadPoolExecutor$ScheduledFutureTask.run(ScheduledThreadPoolExecutor.java:304)
	at java.base/java.util.concurrent.ThreadPoolExecutor.runWorker(ThreadPoolExecutor.java:1136)
	at java.base/java.util.concurrent.ThreadPoolExecutor$Worker.run(ThreadPoolExecutor.java:635)
	at java.base/java.lang.Thread.run(Thread.java:833)
13:21:40.189 WARN  There was a problem with the instance info replicator
com.netflix.discovery.shared.transport.TransportException: Cannot execute request on any known server
	at com.netflix.discovery.shared.transport.decorator.RetryableEurekaHttpClient.execute(RetryableEurekaHttpClient.java:112)
	at com.netflix.discovery.shared.transport.decorator.EurekaHttpClientDecorator.register(EurekaHttpClientDecorator.java:56)
	at com.netflix.discovery.shared.transport.decorator.EurekaHttpClientDecorator$1.execute(EurekaHttpClientDecorator.java:59)
	at com.netflix.discovery.shared.transport.decorator.SessionedEurekaHttpClient.execute(SessionedEurekaHttpClient.java:77)
	at com.netflix.discovery.shared.transport.decorator.EurekaHttpClientDecorator.register(EurekaHttpClientDecorator.java:56)
	at com.netflix.discovery.DiscoveryClient.register(DiscoveryClient.java:876)
	at com.netflix.discovery.InstanceInfoReplicator.run(InstanceInfoReplicator.java:121)
	at com.netflix.discovery.InstanceInfoReplicator$1.run(InstanceInfoReplicator.java:101)
	at java.base/java.util.concurrent.Executors$RunnableAdapter.call(Executors.java:539)
	at java.base/java.util.concurrent.FutureTask.run(FutureTask.java:264)
	at java.base/java.util.concurrent.ScheduledThreadPoolExecutor$ScheduledFutureTask.run(ScheduledThreadPoolExecutor.java:304)
	at java.base/java.util.concurrent.ThreadPoolExecutor.runWorker(ThreadPoolExecutor.java:1136)
	at java.base/java.util.concurrent.ThreadPoolExecutor$Worker.run(ThreadPoolExecutor.java:635)
	at java.base/java.lang.Thread.run(Thread.java:833)
13:21:40.224 INFO  Waiting for workers to finish.
13:21:40.225 INFO  Successfully waited for workers to finish.
13:21:40.225 INFO  stopped bean 'inbound.springCloudBus.anonymous.GtnmKGUdQ6eGAX3CQJPO-g'
13:21:40.230 INFO  Channel 'order-service.springCloudBus.anonymous.GtnmKGUdQ6eGAX3CQJPO-g.errors' has 1 subscriber(s).
13:21:40.235 INFO  Removing {logging-channel-adapter:_org.springframework.integration.errorLogger} as a subscriber to the 'errorChannel' channel
13:21:40.235 INFO  Channel 'order-service.errorChannel' has 0 subscriber(s).
13:21:40.236 INFO  stopped bean '_org.springframework.integration.errorLogger'
13:21:40.260 INFO  Closing JPA EntityManagerFactory for persistence unit 'default'
